

Microchip MPLAB XC8 Assembler V2.31 build 20201012212115 
                                                                                               Sun Feb 07 12:29:16 2021

Microchip MPLAB XC8 C Compiler v2.31 (Free license) build 20201012212115 Og1 
     1                           	processor	16F887
     2                           	pagewidth 120
     3                           	opt	flic
     4                           	psect	cinit,global,class=CODE,merge=1,delta=2
     5                           	psect	bssCOMMON,global,class=COMMON,space=1,delta=1,noexec
     6                           	psect	bssBANK0,global,class=BANK0,space=1,delta=1,noexec
     7                           	psect	cstackCOMMON,global,class=COMMON,space=1,delta=1,noexec
     8                           	psect	cstackBANK0,global,class=BANK0,space=1,delta=1,noexec
     9                           	psect	maintext,global,class=CODE,split=1,delta=2
    10                           	psect	text1,local,class=CODE,merge=1,delta=2
    11                           	psect	text2,local,class=CODE,merge=1,delta=2
    12                           	psect	text3,local,class=CODE,merge=1,delta=2
    13                           	psect	text4,local,class=CODE,merge=1,delta=2
    14                           	psect	text5,local,class=CODE,merge=1,delta=2
    15                           	psect	text6,local,class=CODE,merge=1,delta=2
    16                           	psect	text7,local,class=CODE,merge=1,delta=2
    17                           	psect	intentry,global,class=CODE,delta=2
    18                           	psect	text8,local,class=CODE,merge=1,delta=2
    19                           	psect	text9,local,class=CODE,merge=1,delta=2
    20                           	psect	text10,local,class=CODE,merge=1,delta=2
    21                           	psect	config,global,abs,ovrld,class=CONFIG,space=4,delta=2,noexec
    22                           	dabs	1,0x7E,2
    23  0000                     
    24                           ; Version 2.20
    25                           ; Generated 12/02/2020 GMT
    26                           ; 
    27                           ; Copyright © 2020, Microchip Technology Inc. and its subsidiaries ("Microchip")
    28                           ; All rights reserved.
    29                           ; 
    30                           ; This software is developed by Microchip Technology Inc. and its subsidiaries ("Microch
      +                          ip").
    31                           ; 
    32                           ; Redistribution and use in source and binary forms, with or without modification, are
    33                           ; permitted provided that the following conditions are met:
    34                           ; 
    35                           ;     1. Redistributions of source code must retain the above copyright notice, this lis
      +                          t of
    36                           ;        conditions and the following disclaimer.
    37                           ; 
    38                           ;     2. Redistributions in binary form must reproduce the above copyright notice, this 
      +                          list
    39                           ;        of conditions and the following disclaimer in the documentation and/or other
    40                           ;        materials provided with the distribution.
    41                           ; 
    42                           ;     3. Microchip's name may not be used to endorse or promote products derived from th
      +                          is
    43                           ;        software without specific prior written permission.
    44                           ; 
    45                           ; THIS SOFTWARE IS PROVIDED BY MICROCHIP "AS IS" AND ANY EXPRESS OR IMPLIED WARRANTIES,
    46                           ; INCLUDING, BUT NOT LIMITED TO, THE IMPLIED WARRANTIES OF MERCHANTABILITY AND FITNESS F
      +                          OR
    47                           ; PURPOSE ARE DISCLAIMED.  IN NO EVENT SHALL MICROCHIP BE LIABLE FOR ANY DIRECT, INDIREC
      +                          T,
    48                           ; INCIDENTAL, SPECIAL, EXEMPLARY, OR CONSEQUENTIAL DAMAGES (INCLUDING BUT NOT LIMITED TO
    49                           ; PROCUREMENT OF SUBSTITUTE GOODS OR SERVICES; LOSS OF USE, DATA OR PROFITS; OR BUSINESS
    50                           ; INTERRUPTION) HOWSOEVER CAUSED AND ON ANY THEORY OF LIABILITY, WHETHER IN CONTRACT, ST
      +                          RICT
    51                           ; LIABILITY, OR TORT (INCLUDING NEGLIGENCE OR OTHERWISE) ARISING IN ANY WAY OUT OF THE U
      +                          SE OF
    52                           ; THIS SOFTWARE, EVEN IF ADVISED OF THE POSSIBILITY OF SUCH DAMAGE.
    53                           ; 
    54                           ; 
    55                           ; Code-generator required, PIC16F887 Definitions
    56                           ; 
    57                           ; SFR Addresses
    58  0000                     	;# 
    59  0001                     	;# 
    60  0002                     	;# 
    61  0003                     	;# 
    62  0004                     	;# 
    63  0005                     	;# 
    64  0006                     	;# 
    65  0007                     	;# 
    66  0008                     	;# 
    67  0009                     	;# 
    68  000A                     	;# 
    69  000B                     	;# 
    70  000C                     	;# 
    71  000D                     	;# 
    72  000E                     	;# 
    73  000E                     	;# 
    74  000F                     	;# 
    75  0010                     	;# 
    76  0011                     	;# 
    77  0012                     	;# 
    78  0013                     	;# 
    79  0014                     	;# 
    80  0015                     	;# 
    81  0015                     	;# 
    82  0016                     	;# 
    83  0017                     	;# 
    84  0018                     	;# 
    85  0019                     	;# 
    86  001A                     	;# 
    87  001B                     	;# 
    88  001B                     	;# 
    89  001C                     	;# 
    90  001D                     	;# 
    91  001E                     	;# 
    92  001F                     	;# 
    93  0081                     	;# 
    94  0085                     	;# 
    95  0086                     	;# 
    96  0087                     	;# 
    97  0088                     	;# 
    98  0089                     	;# 
    99  008C                     	;# 
   100  008D                     	;# 
   101  008E                     	;# 
   102  008F                     	;# 
   103  0090                     	;# 
   104  0091                     	;# 
   105  0092                     	;# 
   106  0093                     	;# 
   107  0093                     	;# 
   108  0093                     	;# 
   109  0094                     	;# 
   110  0095                     	;# 
   111  0096                     	;# 
   112  0097                     	;# 
   113  0098                     	;# 
   114  0099                     	;# 
   115  009A                     	;# 
   116  009B                     	;# 
   117  009C                     	;# 
   118  009D                     	;# 
   119  009E                     	;# 
   120  009F                     	;# 
   121  0105                     	;# 
   122  0107                     	;# 
   123  0108                     	;# 
   124  0109                     	;# 
   125  010C                     	;# 
   126  010C                     	;# 
   127  010D                     	;# 
   128  010E                     	;# 
   129  010F                     	;# 
   130  0185                     	;# 
   131  0187                     	;# 
   132  0188                     	;# 
   133  0189                     	;# 
   134  018C                     	;# 
   135  018D                     	;# 
   136  0000                     	;# 
   137  0001                     	;# 
   138  0002                     	;# 
   139  0003                     	;# 
   140  0004                     	;# 
   141  0005                     	;# 
   142  0006                     	;# 
   143  0007                     	;# 
   144  0008                     	;# 
   145  0009                     	;# 
   146  000A                     	;# 
   147  000B                     	;# 
   148  000C                     	;# 
   149  000D                     	;# 
   150  000E                     	;# 
   151  000E                     	;# 
   152  000F                     	;# 
   153  0010                     	;# 
   154  0011                     	;# 
   155  0012                     	;# 
   156  0013                     	;# 
   157  0014                     	;# 
   158  0015                     	;# 
   159  0015                     	;# 
   160  0016                     	;# 
   161  0017                     	;# 
   162  0018                     	;# 
   163  0019                     	;# 
   164  001A                     	;# 
   165  001B                     	;# 
   166  001B                     	;# 
   167  001C                     	;# 
   168  001D                     	;# 
   169  001E                     	;# 
   170  001F                     	;# 
   171  0081                     	;# 
   172  0085                     	;# 
   173  0086                     	;# 
   174  0087                     	;# 
   175  0088                     	;# 
   176  0089                     	;# 
   177  008C                     	;# 
   178  008D                     	;# 
   179  008E                     	;# 
   180  008F                     	;# 
   181  0090                     	;# 
   182  0091                     	;# 
   183  0092                     	;# 
   184  0093                     	;# 
   185  0093                     	;# 
   186  0093                     	;# 
   187  0094                     	;# 
   188  0095                     	;# 
   189  0096                     	;# 
   190  0097                     	;# 
   191  0098                     	;# 
   192  0099                     	;# 
   193  009A                     	;# 
   194  009B                     	;# 
   195  009C                     	;# 
   196  009D                     	;# 
   197  009E                     	;# 
   198  009F                     	;# 
   199  0105                     	;# 
   200  0107                     	;# 
   201  0108                     	;# 
   202  0109                     	;# 
   203  010C                     	;# 
   204  010C                     	;# 
   205  010D                     	;# 
   206  010E                     	;# 
   207  010F                     	;# 
   208  0185                     	;# 
   209  0187                     	;# 
   210  0188                     	;# 
   211  0189                     	;# 
   212  018C                     	;# 
   213  018D                     	;# 
   214  000B                     _INTCON	set	11
   215  0009                     _PORTE	set	9
   216  0006                     _PORTB	set	6
   217  0005                     _PORTA	set	5
   218  0009                     _PORTEbits	set	9
   219  0001                     _TMR0	set	1
   220  001E                     _ADRESH	set	30
   221  001F                     _ADCON0bits	set	31
   222  0008                     _PORTD	set	8
   223  0006                     _PORTBbits	set	6
   224  000B                     _INTCONbits	set	11
   225  0007                     _PORTC	set	7
   226  000C                     _PIR1bits	set	12
   227  001F                     _ADCON0	set	31
   228  005A                     _TMR0IF	set	90
   229  0096                     _IOCB	set	150
   230  0081                     _OPTION_REG	set	129
   231  0089                     _TRISE	set	137
   232  0085                     _TRISA	set	133
   233  0086                     _TRISB	set	134
   234  0088                     _TRISD	set	136
   235  0087                     _TRISC	set	135
   236  008C                     _PIE1bits	set	140
   237  009F                     _ADCON1	set	159
   238  0189                     _ANSELH	set	393
   239  0188                     _ANSEL	set	392
   240                           
   241                           	psect	cinit
   242  0011                     start_initialization:	
   243                           ; #config settings
   244                           
   245  0011                     __initialization:
   246                           
   247                           ; Clear objects allocated to COMMON
   248  0011  01F9               	clrf	__pbssCOMMON& (0+127)
   249  0012  01FA               	clrf	(__pbssCOMMON+1)& (0+127)
   250  0013  01FB               	clrf	(__pbssCOMMON+2)& (0+127)
   251  0014  01FC               	clrf	(__pbssCOMMON+3)& (0+127)
   252                           
   253                           ; Clear objects allocated to BANK0
   254  0015  1283               	bcf	3,5	;RP0=0, select bank0
   255  0016  1303               	bcf	3,6	;RP1=0, select bank0
   256  0017  01A0               	clrf	__pbssBANK0& (0+127)
   257  0018  01A1               	clrf	(__pbssBANK0+1)& (0+127)
   258  0019  01A2               	clrf	(__pbssBANK0+2)& (0+127)
   259  001A  01A3               	clrf	(__pbssBANK0+3)& (0+127)
   260  001B  01A4               	clrf	(__pbssBANK0+4)& (0+127)
   261  001C  01A5               	clrf	(__pbssBANK0+5)& (0+127)
   262  001D  01A6               	clrf	(__pbssBANK0+6)& (0+127)
   263  001E  01A7               	clrf	(__pbssBANK0+7)& (0+127)
   264  001F                     end_of_initialization:	
   265                           ;End of C runtime variable initialization code
   266                           
   267  001F                     __end_of__initialization:
   268  001F  0183               	clrf	3
   269  0020  120A  118A  2964   	ljmp	_main	;jump to C main() function
   270                           
   271                           	psect	bssCOMMON
   272  0079                     __pbssCOMMON:
   273  0079                     _banders:
   274  0079                     	ds	2
   275  007B                     _Contador:
   276  007B                     	ds	2
   277                           
   278                           	psect	bssBANK0
   279  0020                     __pbssBANK0:
   280  0020                     _val_low:
   281  0020                     	ds	2
   282  0022                     _val_high:
   283  0022                     	ds	2
   284  0024                     _conta:
   285  0024                     	ds	2
   286  0026                     _valor_adc:
   287  0026                     	ds	2
   288                           
   289                           	psect	cstackCOMMON
   290  0070                     __pcstackCOMMON:
   291  0070                     ?_Display:
   292  0070                     ?_Config_P:	
   293                           ; 1 bytes @ 0x0
   294                           
   295  0070                     ?_Config_Int:	
   296                           ; 1 bytes @ 0x0
   297                           
   298  0070                     ?_Banderas:	
   299                           ; 1 bytes @ 0x0
   300                           
   301  0070                     ?_Sep_Nb:	
   302                           ; 1 bytes @ 0x0
   303                           
   304  0070                     ?_ADC_INIT:	
   305                           ; 1 bytes @ 0x0
   306                           
   307  0070                     ?_ADC_INTERRUPCION:	
   308                           ; 1 bytes @ 0x0
   309                           
   310  0070                     ?_Multiplexado:	
   311                           ; 1 bytes @ 0x0
   312                           
   313  0070                     ??_Multiplexado:	
   314                           ; 1 bytes @ 0x0
   315                           
   316  0070                     ?_isr:	
   317                           ; 1 bytes @ 0x0
   318                           
   319  0070                     ?_main:	
   320                           ; 1 bytes @ 0x0
   321                           
   322  0070                     ?_ADC_READ:	
   323                           ; 1 bytes @ 0x0
   324                           
   325  0070                     ADC_READ@canal:	
   326                           ; 2 bytes @ 0x0
   327                           
   328                           
   329                           ; 2 bytes @ 0x0
   330  0070                     	ds	2
   331  0072                     ??_ADC_READ:
   332  0072                     Multiplexado@num:	
   333                           ; 1 bytes @ 0x2
   334                           
   335                           
   336                           ; 1 bytes @ 0x2
   337  0072                     	ds	1
   338  0073                     ??_Display:
   339  0073                     ??_isr:	
   340                           ; 1 bytes @ 0x3
   341                           
   342                           
   343                           ; 1 bytes @ 0x3
   344  0073                     	ds	6
   345                           
   346                           	psect	cstackBANK0
   347  0000                     __pcstackBANK0:
   348  0000                     ??_Config_P:
   349  0000                     ??_Config_Int:	
   350                           ; 1 bytes @ 0x0
   351                           
   352  0000                     ??_Banderas:	
   353                           ; 1 bytes @ 0x0
   354                           
   355  0000                     ??_Sep_Nb:	
   356                           ; 1 bytes @ 0x0
   357                           
   358  0000                     ??_ADC_INIT:	
   359                           ; 1 bytes @ 0x0
   360                           
   361  0000                     ??_ADC_INTERRUPCION:	
   362                           ; 1 bytes @ 0x0
   363                           
   364  0000                     ??_main:	
   365                           ; 1 bytes @ 0x0
   366                           
   367                           
   368                           	psect	maintext
   369  0164                     __pmaintext:	
   370                           ; 1 bytes @ 0x0
   371 ;;
   372 ;;Main: autosize = 0, tempsize = 0, incstack = 0, save=0
   373 ;;
   374 ;; *************** function _main *****************
   375 ;; Defined at:
   376 ;;		line 99 in file "lab2.c"
   377 ;; Parameters:    Size  Location     Type
   378 ;;		None
   379 ;; Auto vars:     Size  Location     Type
   380 ;;		None
   381 ;; Return value:  Size  Location     Type
   382 ;;                  1    wreg      void 
   383 ;; Registers used:
   384 ;;		wreg, status,2, status,0, btemp+1, pclath, cstack
   385 ;; Tracked objects:
   386 ;;		On entry : B00/0
   387 ;;		On exit  : 0/0
   388 ;;		Unchanged: 0/0
   389 ;; Data sizes:     COMMON   BANK0   BANK1   BANK3   BANK2
   390 ;;      Params:         0       0       0       0       0
   391 ;;      Locals:         0       0       0       0       0
   392 ;;      Temps:          0       0       0       0       0
   393 ;;      Totals:         0       0       0       0       0
   394 ;;Total ram usage:        0 bytes
   395 ;; Hardware stack levels required when called:    4
   396 ;; This function calls:
   397 ;;		_ADC_INIT
   398 ;;		_ADC_INTERRUPCION
   399 ;;		_Banderas
   400 ;;		_Config_Int
   401 ;;		_Config_P
   402 ;;		_Sep_Nb
   403 ;; This function is called by:
   404 ;;		Startup code after reset
   405 ;; This function uses a non-reentrant model
   406 ;;
   407                           
   408                           
   409                           ;psect for function _main
   410  0164                     _main:
   411  0164                     l1179:	
   412                           ;incstack = 0
   413                           ; Regs used in _main: [wreg+status,2+status,0+btemp+1+pclath+cstack]
   414                           
   415                           
   416                           ;lab2.c: 100:     PORTC = 0;
   417  0164  120A  118A  21E9  120A  118A  	fcall	_Config_P
   418                           
   419                           ;lab2.c: 101:     PORTD = 0;
   420  0169  120A  118A  221C  120A  118A  	fcall	_Config_Int
   421  016E                     l1181:
   422                           
   423                           ;lab2.c: 102:     PORTE = 0;
   424  016E  120A  118A  2230  120A  118A  	fcall	_ADC_INIT
   425  0173                     l1183:
   426                           
   427                           ;lab2.c: 103: }
   428  0173  120A  118A  2229  120A  118A  	fcall	_ADC_INTERRUPCION
   429  0178                     l1185:
   430                           
   431                           ;lab2.c: 108:     TMR0 = 4;
   432  0178  1283               	bcf	3,5	;RP0=0, select bank0
   433  0179  1303               	bcf	3,6	;RP1=0, select bank0
   434  017A  0825               	movf	_conta+1,w
   435  017B  3A80               	xorlw	128
   436  017C  00FF               	movwf	btemp+1
   437  017D  3080               	movlw	128
   438  017E  027F               	subwf	btemp+1,w
   439  017F  1D03               	skipz
   440  0180  2983               	goto	u285
   441  0181  3001               	movlw	1
   442  0182  0224               	subwf	_conta,w
   443  0183                     u285:
   444  0183  1C03               	skipc
   445  0184  2986               	goto	u281
   446  0185  2987               	goto	u280
   447  0186                     u281:
   448  0186  2990               	goto	l1191
   449  0187                     u280:
   450  0187                     l1187:
   451                           
   452                           ;lab2.c: 109:     OPTION_REG = 0b10000001;
   453  0187  1283               	bcf	3,5	;RP0=0, select bank0
   454  0188  1303               	bcf	3,6	;RP1=0, select bank0
   455  0189  01A4               	clrf	_conta
   456  018A  01A5               	clrf	_conta+1
   457  018B                     l1189:
   458                           
   459                           ;lab2.c: 110:     INTCON = 0b10101001;
   460  018B  120A  118A  21D5  120A  118A  	fcall	_Banderas
   461  0190                     l1191:
   462                           
   463                           ;lab2.c: 112: }
   464  0190  120A  118A  220D  120A  118A  	fcall	_Sep_Nb
   465  0195                     l1193:
   466                           
   467                           ;lab2.c: 113: 
   468  0195  1283               	bcf	3,5	;RP0=0, select bank0
   469  0196  1303               	bcf	3,6	;RP1=0, select bank0
   470  0197  0827               	movf	_valor_adc+1,w
   471  0198  027C               	subwf	_Contador+1,w
   472  0199  1D03               	skipz
   473  019A  299D               	goto	u295
   474  019B  0826               	movf	_valor_adc,w
   475  019C  027B               	subwf	_Contador,w
   476  019D                     u295:
   477  019D  1803               	skipnc
   478  019E  29A0               	goto	u291
   479  019F  29A1               	goto	u290
   480  01A0                     u291:
   481  01A0  29A3               	goto	l1197
   482  01A1                     u290:
   483  01A1                     l1195:
   484                           
   485                           ;lab2.c: 114: void Display(void){
   486  01A1  1409               	bsf	9,0	;volatile
   487                           
   488                           ;lab2.c: 116:     if (banders == 0){
   489  01A2  2978               	goto	l1185
   490  01A3                     l1197:
   491  01A3  087C               	movf	_Contador+1,w
   492  01A4  0227               	subwf	_valor_adc+1,w
   493  01A5  1D03               	skipz
   494  01A6  29A9               	goto	u305
   495  01A7  087B               	movf	_Contador,w
   496  01A8  0226               	subwf	_valor_adc,w
   497  01A9                     u305:
   498  01A9  1803               	skipnc
   499  01AA  29AC               	goto	u301
   500  01AB  29AD               	goto	u300
   501  01AC                     u301:
   502  01AC  2978               	goto	l1185
   503  01AD                     u300:
   504  01AD                     l1199:
   505                           
   506                           ;lab2.c: 117:         Multiplexado(val_low);
   507  01AD  1009               	bcf	9,0	;volatile
   508  01AE  2978               	goto	l1185
   509  01AF  120A  118A  280E   	ljmp	start
   510  01B2                     __end_of_main:
   511                           
   512                           	psect	text1
   513  020D                     __ptext1:	
   514 ;; *************** function _Sep_Nb *****************
   515 ;; Defined at:
   516 ;;		line 168 in file "lab2.c"
   517 ;; Parameters:    Size  Location     Type
   518 ;;		None
   519 ;; Auto vars:     Size  Location     Type
   520 ;;		None
   521 ;; Return value:  Size  Location     Type
   522 ;;                  1    wreg      void 
   523 ;; Registers used:
   524 ;;		wreg
   525 ;; Tracked objects:
   526 ;;		On entry : 0/0
   527 ;;		On exit  : 0/0
   528 ;;		Unchanged: 0/0
   529 ;; Data sizes:     COMMON   BANK0   BANK1   BANK3   BANK2
   530 ;;      Params:         0       0       0       0       0
   531 ;;      Locals:         0       0       0       0       0
   532 ;;      Temps:          0       0       0       0       0
   533 ;;      Totals:         0       0       0       0       0
   534 ;;Total ram usage:        0 bytes
   535 ;; Hardware stack levels used:    1
   536 ;; Hardware stack levels required when called:    3
   537 ;; This function calls:
   538 ;;		Nothing
   539 ;; This function is called by:
   540 ;;		_main
   541 ;; This function uses a non-reentrant model
   542 ;;
   543                           
   544                           
   545                           ;psect for function _Sep_Nb
   546  020D                     _Sep_Nb:
   547  020D                     l1139:	
   548                           ;incstack = 0
   549                           ; Regs used in _Sep_Nb: [wreg]
   550                           
   551  020D  30F0               	movlw	240
   552  020E  1283               	bcf	3,5	;RP0=0, select bank0
   553  020F  1303               	bcf	3,6	;RP1=0, select bank0
   554  0210  0526               	andwf	_valor_adc,w
   555  0211  00A0               	movwf	_val_low
   556  0212  3000               	movlw	0
   557  0213  0527               	andwf	_valor_adc+1,w
   558  0214  00A1               	movwf	_val_low+1
   559  0215  300F               	movlw	15
   560  0216  0526               	andwf	_valor_adc,w
   561  0217  00A2               	movwf	_val_high
   562  0218  3000               	movlw	0
   563  0219  0527               	andwf	_valor_adc+1,w
   564  021A  00A3               	movwf	_val_high+1
   565  021B                     l173:
   566  021B  0008               	return
   567  021C                     __end_of_Sep_Nb:
   568                           
   569                           	psect	text2
   570  01E9                     __ptext2:	
   571 ;; *************** function _Config_P *****************
   572 ;; Defined at:
   573 ;;		line 126 in file "lab2.c"
   574 ;; Parameters:    Size  Location     Type
   575 ;;		None
   576 ;; Auto vars:     Size  Location     Type
   577 ;;		None
   578 ;; Return value:  Size  Location     Type
   579 ;;                  1    wreg      void 
   580 ;; Registers used:
   581 ;;		wreg, status,2
   582 ;; Tracked objects:
   583 ;;		On entry : 0/0
   584 ;;		On exit  : 0/0
   585 ;;		Unchanged: 0/0
   586 ;; Data sizes:     COMMON   BANK0   BANK1   BANK3   BANK2
   587 ;;      Params:         0       0       0       0       0
   588 ;;      Locals:         0       0       0       0       0
   589 ;;      Temps:          0       0       0       0       0
   590 ;;      Totals:         0       0       0       0       0
   591 ;;Total ram usage:        0 bytes
   592 ;; Hardware stack levels used:    1
   593 ;; Hardware stack levels required when called:    3
   594 ;; This function calls:
   595 ;;		Nothing
   596 ;; This function is called by:
   597 ;;		_main
   598 ;; This function uses a non-reentrant model
   599 ;;
   600                           
   601                           
   602                           ;psect for function _Config_P
   603  01E9                     _Config_P:
   604  01E9                     l1107:	
   605                           ;incstack = 0
   606                           ; Regs used in _Config_P: [wreg+status,2]
   607                           
   608                           
   609                           ;lab2.c: 127:         banders = 0;
   610  01E9  1683               	bsf	3,5	;RP0=1, select bank1
   611  01EA  1303               	bcf	3,6	;RP1=0, select bank1
   612  01EB  0188               	clrf	8	;volatile
   613  01EC                     l1109:
   614                           
   615                           ;lab2.c: 128:     } else if (banders == 0){
   616  01EC  3007               	movlw	7
   617  01ED  0086               	movwf	6	;volatile
   618  01EE                     l1111:
   619                           
   620                           ;lab2.c: 129:         banders = 1;
   621  01EE  0185               	clrf	5	;volatile
   622  01EF                     l1113:
   623                           
   624                           ;lab2.c: 130:     }
   625  01EF  0189               	clrf	9	;volatile
   626  01F0                     l1115:
   627                           
   628                           ;lab2.c: 131: }
   629  01F0  1683               	bsf	3,5	;RP0=1, select bank3
   630  01F1  1703               	bsf	3,6	;RP1=1, select bank3
   631  01F2  0188               	clrf	8	;volatile
   632  01F3                     l1117:
   633                           
   634                           ;lab2.c: 132: 
   635  01F3  0189               	clrf	9	;volatile
   636  01F4                     l1119:
   637                           
   638                           ;lab2.c: 133: void Sep_Nb(void){
   639  01F4  1283               	bcf	3,5	;RP0=0, select bank0
   640  01F5  1303               	bcf	3,6	;RP1=0, select bank0
   641  01F6  0185               	clrf	5	;volatile
   642  01F7                     l1121:
   643                           
   644                           ;lab2.c: 134:     val_low = (0b11110000 & valor_adc);
   645  01F7  0186               	clrf	6	;volatile
   646  01F8                     l1123:
   647                           
   648                           ;lab2.c: 135:     val_high = (0b00001111 & valor_adc);
   649  01F8  0187               	clrf	7	;volatile
   650  01F9                     l1125:
   651                           
   652                           ;lab2.c: 136: }
   653  01F9  0188               	clrf	8	;volatile
   654  01FA                     l1127:
   655  01FA  0189               	clrf	9	;volatile
   656  01FB                     l155:
   657  01FB  0008               	return
   658  01FC                     __end_of_Config_P:
   659                           
   660                           	psect	text3
   661  021C                     __ptext3:	
   662 ;; *************** function _Config_Int *****************
   663 ;; Defined at:
   664 ;;		line 142 in file "lab2.c"
   665 ;; Parameters:    Size  Location     Type
   666 ;;		None
   667 ;; Auto vars:     Size  Location     Type
   668 ;;		None
   669 ;; Return value:  Size  Location     Type
   670 ;;                  1    wreg      void 
   671 ;; Registers used:
   672 ;;		wreg
   673 ;; Tracked objects:
   674 ;;		On entry : 0/0
   675 ;;		On exit  : 0/0
   676 ;;		Unchanged: 0/0
   677 ;; Data sizes:     COMMON   BANK0   BANK1   BANK3   BANK2
   678 ;;      Params:         0       0       0       0       0
   679 ;;      Locals:         0       0       0       0       0
   680 ;;      Temps:          0       0       0       0       0
   681 ;;      Totals:         0       0       0       0       0
   682 ;;Total ram usage:        0 bytes
   683 ;; Hardware stack levels used:    1
   684 ;; Hardware stack levels required when called:    3
   685 ;; This function calls:
   686 ;;		Nothing
   687 ;; This function is called by:
   688 ;;		_main
   689 ;; This function uses a non-reentrant model
   690 ;;
   691                           
   692                           
   693                           ;psect for function _Config_Int
   694  021C                     _Config_Int:
   695  021C                     l1129:	
   696                           ;incstack = 0
   697                           ; Regs used in _Config_Int: [wreg]
   698                           
   699  021C  3004               	movlw	4
   700  021D  1283               	bcf	3,5	;RP0=0, select bank0
   701  021E  1303               	bcf	3,6	;RP1=0, select bank0
   702  021F  0081               	movwf	1	;volatile
   703  0220  3081               	movlw	129
   704  0221  1683               	bsf	3,5	;RP0=1, select bank1
   705  0222  1303               	bcf	3,6	;RP1=0, select bank1
   706  0223  0081               	movwf	1	;volatile
   707  0224  30A9               	movlw	169
   708  0225  008B               	movwf	11	;volatile
   709  0226  3003               	movlw	3
   710  0227  0096               	movwf	22	;volatile
   711  0228                     l158:
   712  0228  0008               	return
   713  0229                     __end_of_Config_Int:
   714                           
   715                           	psect	text4
   716  01D5                     __ptext4:	
   717 ;; *************** function _Banderas *****************
   718 ;; Defined at:
   719 ;;		line 160 in file "lab2.c"
   720 ;; Parameters:    Size  Location     Type
   721 ;;		None
   722 ;; Auto vars:     Size  Location     Type
   723 ;;		None
   724 ;; Return value:  Size  Location     Type
   725 ;;                  1    wreg      void 
   726 ;; Registers used:
   727 ;;		wreg, status,2, status,0
   728 ;; Tracked objects:
   729 ;;		On entry : 0/0
   730 ;;		On exit  : 0/0
   731 ;;		Unchanged: 0/0
   732 ;; Data sizes:     COMMON   BANK0   BANK1   BANK3   BANK2
   733 ;;      Params:         0       0       0       0       0
   734 ;;      Locals:         0       0       0       0       0
   735 ;;      Temps:          0       0       0       0       0
   736 ;;      Totals:         0       0       0       0       0
   737 ;;Total ram usage:        0 bytes
   738 ;; Hardware stack levels used:    1
   739 ;; Hardware stack levels required when called:    3
   740 ;; This function calls:
   741 ;;		Nothing
   742 ;; This function is called by:
   743 ;;		_main
   744 ;; This function uses a non-reentrant model
   745 ;;
   746                           
   747                           
   748                           ;psect for function _Banderas
   749  01D5                     _Banderas:
   750  01D5                     l1131:	
   751                           ;incstack = 0
   752                           ; Regs used in _Banderas: [wreg+status,2+status,0]
   753                           
   754  01D5  0379               	decf	_banders,w
   755  01D6  047A               	iorwf	_banders+1,w
   756  01D7  1D03               	btfss	3,2
   757  01D8  29DA               	goto	u181
   758  01D9  29DB               	goto	u180
   759  01DA                     u181:
   760  01DA  29DE               	goto	l1135
   761  01DB                     u180:
   762  01DB                     l1133:
   763  01DB  01F9               	clrf	_banders
   764  01DC  01FA               	clrf	_banders+1
   765  01DD  29E8               	goto	l170
   766  01DE                     l1135:
   767  01DE  0879               	movf	_banders,w
   768  01DF  047A               	iorwf	_banders+1,w
   769  01E0  1D03               	btfss	3,2
   770  01E1  29E3               	goto	u191
   771  01E2  29E4               	goto	u190
   772  01E3                     u191:
   773  01E3  29E8               	goto	l170
   774  01E4                     u190:
   775  01E4                     l1137:
   776  01E4  3001               	movlw	1
   777  01E5  00F9               	movwf	_banders
   778  01E6  3000               	movlw	0
   779  01E7  00FA               	movwf	_banders+1
   780  01E8                     l170:
   781  01E8  0008               	return
   782  01E9                     __end_of_Banderas:
   783                           
   784                           	psect	text5
   785  0229                     __ptext5:	
   786 ;; *************** function _ADC_INTERRUPCION *****************
   787 ;; Defined at:
   788 ;;		line 53 in file "./ADC.h"
   789 ;; Parameters:    Size  Location     Type
   790 ;;		None
   791 ;; Auto vars:     Size  Location     Type
   792 ;;		None
   793 ;; Return value:  Size  Location     Type
   794 ;;                  1    wreg      void 
   795 ;; Registers used:
   796 ;;		None
   797 ;; Tracked objects:
   798 ;;		On entry : 0/0
   799 ;;		On exit  : 0/0
   800 ;;		Unchanged: 0/0
   801 ;; Data sizes:     COMMON   BANK0   BANK1   BANK3   BANK2
   802 ;;      Params:         0       0       0       0       0
   803 ;;      Locals:         0       0       0       0       0
   804 ;;      Temps:          0       0       0       0       0
   805 ;;      Totals:         0       0       0       0       0
   806 ;;Total ram usage:        0 bytes
   807 ;; Hardware stack levels used:    1
   808 ;; Hardware stack levels required when called:    3
   809 ;; This function calls:
   810 ;;		Nothing
   811 ;; This function is called by:
   812 ;;		_main
   813 ;; This function uses a non-reentrant model
   814 ;;
   815                           
   816                           
   817                           ;psect for function _ADC_INTERRUPCION
   818  0229                     _ADC_INTERRUPCION:
   819  0229                     l1091:	
   820                           ;incstack = 0
   821                           ; Regs used in _ADC_INTERRUPCION: []
   822                           
   823                           
   824                           ;./ADC.h: 54:     PIE1bits.ADIE = 1;
   825  0229  1683               	bsf	3,5	;RP0=1, select bank1
   826  022A  1303               	bcf	3,6	;RP1=0, select bank1
   827  022B  170C               	bsf	12,6	;volatile
   828                           
   829                           ;./ADC.h: 55:     PIR1bits.ADIF = 1;
   830  022C  1283               	bcf	3,5	;RP0=0, select bank0
   831  022D  1303               	bcf	3,6	;RP1=0, select bank0
   832  022E  170C               	bsf	12,6	;volatile
   833  022F                     l76:
   834  022F  0008               	return
   835  0230                     __end_of_ADC_INTERRUPCION:
   836                           
   837                           	psect	text6
   838  0230                     __ptext6:	
   839 ;; *************** function _ADC_INIT *****************
   840 ;; Defined at:
   841 ;;		line 41 in file "./ADC.h"
   842 ;; Parameters:    Size  Location     Type
   843 ;;		None
   844 ;; Auto vars:     Size  Location     Type
   845 ;;		None
   846 ;; Return value:  Size  Location     Type
   847 ;;                  1    wreg      void 
   848 ;; Registers used:
   849 ;;		status,2
   850 ;; Tracked objects:
   851 ;;		On entry : 0/0
   852 ;;		On exit  : 0/0
   853 ;;		Unchanged: 0/0
   854 ;; Data sizes:     COMMON   BANK0   BANK1   BANK3   BANK2
   855 ;;      Params:         0       0       0       0       0
   856 ;;      Locals:         0       0       0       0       0
   857 ;;      Temps:          0       0       0       0       0
   858 ;;      Totals:         0       0       0       0       0
   859 ;;Total ram usage:        0 bytes
   860 ;; Hardware stack levels used:    1
   861 ;; Hardware stack levels required when called:    3
   862 ;; This function calls:
   863 ;;		Nothing
   864 ;; This function is called by:
   865 ;;		_main
   866 ;; This function uses a non-reentrant model
   867 ;;
   868                           
   869                           
   870                           ;psect for function _ADC_INIT
   871  0230                     _ADC_INIT:
   872  0230                     l1077:	
   873                           ;incstack = 0
   874                           ; Regs used in _ADC_INIT: [status,2]
   875                           
   876                           
   877                           ;./ADC.h: 42:     ADCON1 = 0b00000000;
   878  0230  1683               	bsf	3,5	;RP0=1, select bank1
   879  0231  1303               	bcf	3,6	;RP1=0, select bank1
   880  0232  019F               	clrf	31	;volatile
   881  0233                     l67:
   882  0233  0008               	return
   883  0234                     __end_of_ADC_INIT:
   884                           
   885                           	psect	text7
   886  0023                     __ptext7:	
   887 ;; *************** function _isr *****************
   888 ;; Defined at:
   889 ;;		line 57 in file "lab2.c"
   890 ;; Parameters:    Size  Location     Type
   891 ;;		None
   892 ;; Auto vars:     Size  Location     Type
   893 ;;		None
   894 ;; Return value:  Size  Location     Type
   895 ;;                  1    wreg      void 
   896 ;; Registers used:
   897 ;;		wreg, fsr0l, fsr0h, status,2, status,0, pclath, cstack
   898 ;; Tracked objects:
   899 ;;		On entry : 0/0
   900 ;;		On exit  : 0/0
   901 ;;		Unchanged: 0/0
   902 ;; Data sizes:     COMMON   BANK0   BANK1   BANK3   BANK2
   903 ;;      Params:         0       0       0       0       0
   904 ;;      Locals:         0       0       0       0       0
   905 ;;      Temps:          6       0       0       0       0
   906 ;;      Totals:         6       0       0       0       0
   907 ;;Total ram usage:        6 bytes
   908 ;; Hardware stack levels used:    1
   909 ;; Hardware stack levels required when called:    2
   910 ;; This function calls:
   911 ;;		_ADC_READ
   912 ;;		_Display
   913 ;; This function is called by:
   914 ;;		Interrupt level 1
   915 ;; This function uses a non-reentrant model
   916 ;;
   917                           
   918                           
   919                           ;psect for function _isr
   920  0023                     _isr:
   921  0023                     i1l1141:
   922                           
   923                           ;lab2.c: 58:         conta++;
   924  0023  1C0B               	btfss	11,0	;volatile
   925  0024  2826               	goto	u20_21
   926  0025  2827               	goto	u20_20
   927  0026                     u20_21:
   928  0026  2884               	goto	i1l1159
   929  0027                     u20_20:
   930  0027                     i1l1143:
   931                           
   932                           ;lab2.c: 59:     }
   933  0027  100B               	bcf	11,0	;volatile
   934                           
   935                           ;lab2.c: 60: }
   936  0028  1283               	bcf	3,5	;RP0=0, select bank0
   937  0029  1303               	bcf	3,6	;RP1=0, select bank0
   938  002A  1C06               	btfss	6,0	;volatile
   939  002B  282D               	goto	u21_21
   940  002C  282E               	goto	u21_20
   941  002D                     u21_21:
   942  002D  283B               	goto	i1l1147
   943  002E                     u21_20:
   944  002E                     i1l1145:
   945                           
   946                           ;lab2.c: 61: 
   947  002E  3002               	movlw	2
   948  002F  00F5               	movwf	??_isr+2
   949  0030  3004               	movlw	4
   950  0031  00F4               	movwf	??_isr+1
   951  0032  30BA               	movlw	186
   952  0033  00F3               	movwf	??_isr
   953  0034                     u31_27:
   954  0034  0BF3               	decfsz	??_isr,f
   955  0035  2834               	goto	u31_27
   956  0036  0BF4               	decfsz	??_isr+1,f
   957  0037  2834               	goto	u31_27
   958  0038  0BF5               	decfsz	??_isr+2,f
   959  0039  2834               	goto	u31_27
   960  003A  0000               	nop
   961  003B                     i1l1147:
   962                           
   963                           ;lab2.c: 63: 
   964  003B  1283               	bcf	3,5	;RP0=0, select bank0
   965  003C  1303               	bcf	3,6	;RP1=0, select bank0
   966  003D  1806               	btfsc	6,0	;volatile
   967  003E  2840               	goto	u22_21
   968  003F  2841               	goto	u22_20
   969  0040                     u22_21:
   970  0040  2856               	goto	i1l1151
   971  0041                     u22_20:
   972  0041                     i1l1149:
   973                           
   974                           ;lab2.c: 64: void main(void) {
   975  0041  3001               	movlw	1
   976  0042  07FB               	addwf	_Contador,f
   977  0043  1803               	skipnc
   978  0044  0AFC               	incf	_Contador+1,f
   979  0045  3000               	movlw	0
   980  0046  07FC               	addwf	_Contador+1,f
   981                           
   982                           ;lab2.c: 65:     Config_P();
   983  0047  087B               	movf	_Contador,w
   984  0048  0088               	movwf	8	;volatile
   985                           
   986                           ;lab2.c: 66:     Config_Int();
   987  0049  3002               	movlw	2
   988  004A  00F5               	movwf	??_isr+2
   989  004B  3004               	movlw	4
   990  004C  00F4               	movwf	??_isr+1
   991  004D  30BA               	movlw	186
   992  004E  00F3               	movwf	??_isr
   993  004F                     u32_27:
   994  004F  0BF3               	decfsz	??_isr,f
   995  0050  284F               	goto	u32_27
   996  0051  0BF4               	decfsz	??_isr+1,f
   997  0052  284F               	goto	u32_27
   998  0053  0BF5               	decfsz	??_isr+2,f
   999  0054  284F               	goto	u32_27
  1000  0055  0000               	nop
  1001  0056                     i1l1151:
  1002                           
  1003                           ;lab2.c: 68:     ADC_INTERRUPCION();
  1004  0056  1283               	bcf	3,5	;RP0=0, select bank0
  1005  0057  1303               	bcf	3,6	;RP1=0, select bank0
  1006  0058  1C86               	btfss	6,1	;volatile
  1007  0059  285B               	goto	u23_21
  1008  005A  285C               	goto	u23_20
  1009  005B                     u23_21:
  1010  005B  2869               	goto	i1l1155
  1011  005C                     u23_20:
  1012  005C                     i1l1153:
  1013                           
  1014                           ;lab2.c: 69: 
  1015  005C  3002               	movlw	2
  1016  005D  00F5               	movwf	??_isr+2
  1017  005E  3004               	movlw	4
  1018  005F  00F4               	movwf	??_isr+1
  1019  0060  30BA               	movlw	186
  1020  0061  00F3               	movwf	??_isr
  1021  0062                     u33_27:
  1022  0062  0BF3               	decfsz	??_isr,f
  1023  0063  2862               	goto	u33_27
  1024  0064  0BF4               	decfsz	??_isr+1,f
  1025  0065  2862               	goto	u33_27
  1026  0066  0BF5               	decfsz	??_isr+2,f
  1027  0067  2862               	goto	u33_27
  1028  0068  0000               	nop
  1029  0069                     i1l1155:
  1030                           
  1031                           ;lab2.c: 71: 
  1032  0069  1283               	bcf	3,5	;RP0=0, select bank0
  1033  006A  1303               	bcf	3,6	;RP1=0, select bank0
  1034  006B  1886               	btfsc	6,1	;volatile
  1035  006C  286E               	goto	u24_21
  1036  006D  286F               	goto	u24_20
  1037  006E                     u24_21:
  1038  006E  2884               	goto	i1l1159
  1039  006F                     u24_20:
  1040  006F                     i1l1157:
  1041                           
  1042                           ;lab2.c: 72:     while (1) {
  1043  006F  30FF               	movlw	255
  1044  0070  07FB               	addwf	_Contador,f
  1045  0071  1803               	skipnc
  1046  0072  0AFC               	incf	_Contador+1,f
  1047  0073  30FF               	movlw	255
  1048  0074  07FC               	addwf	_Contador+1,f
  1049                           
  1050                           ;lab2.c: 73:         if (conta >= 1){
  1051  0075  087B               	movf	_Contador,w
  1052  0076  0088               	movwf	8	;volatile
  1053                           
  1054                           ;lab2.c: 74:             conta = 0;
  1055  0077  3002               	movlw	2
  1056  0078  00F5               	movwf	??_isr+2
  1057  0079  3004               	movlw	4
  1058  007A  00F4               	movwf	??_isr+1
  1059  007B  30BA               	movlw	186
  1060  007C  00F3               	movwf	??_isr
  1061  007D                     u34_27:
  1062  007D  0BF3               	decfsz	??_isr,f
  1063  007E  287D               	goto	u34_27
  1064  007F  0BF4               	decfsz	??_isr+1,f
  1065  0080  287D               	goto	u34_27
  1066  0081  0BF5               	decfsz	??_isr+2,f
  1067  0082  287D               	goto	u34_27
  1068  0083  0000               	nop
  1069  0084                     i1l1159:
  1070                           
  1071                           ;lab2.c: 78:         if (valor_adc > Contador){
  1072  0084  1283               	bcf	3,5	;RP0=0, select bank0
  1073  0085  1303               	bcf	3,6	;RP1=0, select bank0
  1074  0086  1F0C               	btfss	12,6	;volatile
  1075  0087  2889               	goto	u25_21
  1076  0088  288A               	goto	u25_20
  1077  0089                     u25_21:
  1078  0089  28B1               	goto	i1l135
  1079  008A                     u25_20:
  1080  008A                     i1l1161:
  1081                           
  1082                           ;lab2.c: 79:             PORTEbits.RE0 = 1;
  1083  008A  130C               	bcf	12,6	;volatile
  1084  008B                     i1l1163:
  1085                           
  1086                           ;lab2.c: 81:         } else if (valor_adc < Contador){
  1087  008B  3008               	movlw	8
  1088  008C  00F0               	movwf	ADC_READ@canal
  1089  008D  3000               	movlw	0
  1090  008E  00F1               	movwf	ADC_READ@canal+1
  1091  008F  120A  118A  21FC  120A  118A  	fcall	_ADC_READ
  1092  0094                     i1l1165:
  1093                           
  1094                           ;lab2.c: 82:             PORTEbits.RE0 = 0;
  1095  0094  30C7               	movlw	199
  1096  0095  00F3               	movwf	??_isr
  1097  0096                     u35_27:
  1098  0096  2897               	nop2
  1099  0097  0BF3               	decfsz	??_isr,f
  1100  0098  2896               	goto	u35_27
  1101  0099  289A               	nop2
  1102  009A  289B               	nop2
  1103  009B                     i1l1167:
  1104                           
  1105                           ;lab2.c: 83:         }
  1106  009B  1283               	bcf	3,5	;RP0=0, select bank0
  1107  009C  1303               	bcf	3,6	;RP1=0, select bank0
  1108  009D  149F               	bsf	31,1	;volatile
  1109                           
  1110                           ;lab2.c: 84:     }
  1111  009E  28AB               	goto	i1l1173
  1112  009F                     i1l1169:
  1113                           
  1114                           ;lab2.c: 85:     return;
  1115  009F  081E               	movf	30,w	;volatile
  1116  00A0  00F3               	movwf	??_isr
  1117  00A1  01F4               	clrf	??_isr+1
  1118  00A2  0873               	movf	??_isr,w
  1119  00A3  00A6               	movwf	_valor_adc
  1120  00A4  0874               	movf	??_isr+1,w
  1121  00A5  00A7               	movwf	_valor_adc+1
  1122  00A6                     i1l1171:
  1123                           
  1124                           ;lab2.c: 86: }
  1125  00A6  120A  118A  21B2  120A  118A  	fcall	_Display
  1126  00AB                     i1l1173:
  1127                           
  1128                           ;lab2.c: 84:     }
  1129  00AB  1283               	bcf	3,5	;RP0=0, select bank0
  1130  00AC  1303               	bcf	3,6	;RP1=0, select bank0
  1131  00AD  189F               	btfsc	31,1	;volatile
  1132  00AE  28B0               	goto	u26_21
  1133  00AF  28B1               	goto	u26_20
  1134  00B0                     u26_21:
  1135  00B0  289F               	goto	i1l1169
  1136  00B1                     u26_20:
  1137  00B1                     i1l135:	
  1138                           ;lab2.c: 88: 
  1139                           
  1140                           
  1141                           ;lab2.c: 90: 
  1142  00B1  1D0B               	btfss	11,2	;volatile
  1143  00B2  28B4               	goto	u27_21
  1144  00B3  28B5               	goto	u27_20
  1145  00B4                     u27_21:
  1146  00B4  28BE               	goto	i1l140
  1147  00B5                     u27_20:
  1148  00B5                     i1l1175:
  1149                           
  1150                           ;lab2.c: 91: void Config_P(void){
  1151  00B5  110B               	bcf	11,2	;volatile
  1152  00B6                     i1l1177:
  1153                           
  1154                           ;lab2.c: 92:     TRISD = 0;
  1155  00B6  3004               	movlw	4
  1156  00B7  0081               	movwf	1	;volatile
  1157                           
  1158                           ;lab2.c: 93:     TRISB = 0b00000111;
  1159  00B8  3001               	movlw	1
  1160  00B9  07A4               	addwf	_conta,f
  1161  00BA  1803               	skipnc
  1162  00BB  0AA5               	incf	_conta+1,f
  1163  00BC  3000               	movlw	0
  1164  00BD  07A5               	addwf	_conta+1,f
  1165  00BE                     i1l140:
  1166  00BE  0878               	movf	??_isr+5,w
  1167  00BF  008A               	movwf	10
  1168  00C0  0877               	movf	??_isr+4,w
  1169  00C1  0084               	movwf	4
  1170  00C2  0E76               	swapf	??_isr+3,w
  1171  00C3  0083               	movwf	3
  1172  00C4  0EFE               	swapf	btemp,f
  1173  00C5  0E7E               	swapf	btemp,w
  1174  00C6  0009               	retfie
  1175  00C7                     __end_of_isr:
  1176                           
  1177                           	psect	intentry
  1178  0004                     __pintentry:	
  1179                           ;incstack = 0
  1180                           ; Regs used in _isr: [wreg-fsr0h+status,2+status,0+pclath+cstack]
  1181                           
  1182  0004                     interrupt_function:
  1183  007E                     saved_w	set	btemp
  1184  0004  00FE               	movwf	btemp
  1185  0005  0E03               	swapf	3,w
  1186  0006  00F6               	movwf	??_isr+3
  1187  0007  0804               	movf	4,w
  1188  0008  00F7               	movwf	??_isr+4
  1189  0009  080A               	movf	10,w
  1190  000A  00F8               	movwf	??_isr+5
  1191  000B  120A  118A  2823   	ljmp	_isr
  1192                           
  1193                           	psect	text8
  1194  01B2                     __ptext8:	
  1195 ;; *************** function _Display *****************
  1196 ;; Defined at:
  1197 ;;		line 149 in file "lab2.c"
  1198 ;; Parameters:    Size  Location     Type
  1199 ;;		None
  1200 ;; Auto vars:     Size  Location     Type
  1201 ;;		None
  1202 ;; Return value:  Size  Location     Type
  1203 ;;                  1    wreg      void 
  1204 ;; Registers used:
  1205 ;;		wreg, fsr0l, fsr0h, status,2, status,0, pclath, cstack
  1206 ;; Tracked objects:
  1207 ;;		On entry : 0/0
  1208 ;;		On exit  : 0/0
  1209 ;;		Unchanged: 0/0
  1210 ;; Data sizes:     COMMON   BANK0   BANK1   BANK3   BANK2
  1211 ;;      Params:         0       0       0       0       0
  1212 ;;      Locals:         0       0       0       0       0
  1213 ;;      Temps:          0       0       0       0       0
  1214 ;;      Totals:         0       0       0       0       0
  1215 ;;Total ram usage:        0 bytes
  1216 ;; Hardware stack levels used:    1
  1217 ;; Hardware stack levels required when called:    1
  1218 ;; This function calls:
  1219 ;;		_Multiplexado
  1220 ;; This function is called by:
  1221 ;;		_isr
  1222 ;; This function uses a non-reentrant model
  1223 ;;
  1224                           
  1225                           
  1226                           ;psect for function _Display
  1227  01B2                     _Display:
  1228  01B2                     i1l1093:	
  1229                           ;incstack = 0
  1230                           ; Regs used in _Display: [wreg-fsr0h+status,2+status,0+pclath+cstack]
  1231                           
  1232  01B2  1283               	bcf	3,5	;RP0=0, select bank0
  1233  01B3  1303               	bcf	3,6	;RP1=0, select bank0
  1234  01B4  0189               	clrf	9	;volatile
  1235  01B5                     i1l1095:
  1236  01B5  0879               	movf	_banders,w
  1237  01B6  047A               	iorwf	_banders+1,w
  1238  01B7  1D03               	btfss	3,2
  1239  01B8  29BA               	goto	u16_21
  1240  01B9  29BB               	goto	u16_20
  1241  01BA                     u16_21:
  1242  01BA  29C5               	goto	i1l1101
  1243  01BB                     u16_20:
  1244  01BB                     i1l1097:
  1245  01BB  0820               	movf	_val_low,w
  1246  01BC  120A  118A  20C7  120A  118A  	fcall	_Multiplexado
  1247  01C1                     i1l1099:
  1248  01C1  1283               	bcf	3,5	;RP0=0, select bank0
  1249  01C2  1303               	bcf	3,6	;RP1=0, select bank0
  1250  01C3  1489               	bsf	9,1	;volatile
  1251  01C4  29D4               	goto	i1l164
  1252  01C5                     i1l1101:
  1253  01C5  0379               	decf	_banders,w
  1254  01C6  047A               	iorwf	_banders+1,w
  1255  01C7  1D03               	btfss	3,2
  1256  01C8  29CA               	goto	u17_21
  1257  01C9  29CB               	goto	u17_20
  1258  01CA                     u17_21:
  1259  01CA  29D4               	goto	i1l164
  1260  01CB                     u17_20:
  1261  01CB                     i1l1103:
  1262  01CB  0822               	movf	_val_high,w
  1263  01CC  120A  118A  20C7  120A  118A  	fcall	_Multiplexado
  1264  01D1                     i1l1105:
  1265  01D1  1283               	bcf	3,5	;RP0=0, select bank0
  1266  01D2  1303               	bcf	3,6	;RP1=0, select bank0
  1267  01D3  1109               	bcf	9,2	;volatile
  1268  01D4                     i1l164:
  1269  01D4  0008               	return
  1270  01D5                     __end_of_Display:
  1271                           
  1272                           	psect	text9
  1273  00C7                     __ptext9:	
  1274 ;; *************** function _Multiplexado *****************
  1275 ;; Defined at:
  1276 ;;		line 37 in file "./Multiplexado.h"
  1277 ;; Parameters:    Size  Location     Type
  1278 ;;  num             1    wreg     unsigned char 
  1279 ;; Auto vars:     Size  Location     Type
  1280 ;;  num             1    2[COMMON] unsigned char 
  1281 ;; Return value:  Size  Location     Type
  1282 ;;                  1    wreg      void 
  1283 ;; Registers used:
  1284 ;;		wreg, fsr0l, fsr0h, status,2, status,0
  1285 ;; Tracked objects:
  1286 ;;		On entry : 0/0
  1287 ;;		On exit  : 0/0
  1288 ;;		Unchanged: 0/0
  1289 ;; Data sizes:     COMMON   BANK0   BANK1   BANK3   BANK2
  1290 ;;      Params:         0       0       0       0       0
  1291 ;;      Locals:         1       0       0       0       0
  1292 ;;      Temps:          2       0       0       0       0
  1293 ;;      Totals:         3       0       0       0       0
  1294 ;;Total ram usage:        3 bytes
  1295 ;; Hardware stack levels used:    1
  1296 ;; This function calls:
  1297 ;;		Nothing
  1298 ;; This function is called by:
  1299 ;;		_Display
  1300 ;; This function uses a non-reentrant model
  1301 ;;
  1302                           
  1303                           
  1304                           ;psect for function _Multiplexado
  1305  00C7                     _Multiplexado:
  1306                           
  1307                           ;incstack = 0
  1308                           ; Regs used in _Multiplexado: [wreg-fsr0h+status,2+status,0]
  1309                           ;Multiplexado@num stored from wreg
  1310  00C7  00F2               	movwf	Multiplexado@num
  1311  00C8                     i1l1003:
  1312                           
  1313                           ;./Multiplexado.h: 38:     TRISC = 0;
  1314  00C8  1683               	bsf	3,5	;RP0=1, select bank1
  1315  00C9  1303               	bcf	3,6	;RP1=0, select bank1
  1316  00CA  0187               	clrf	7	;volatile
  1317                           
  1318                           ;./Multiplexado.h: 39:     PORTC = 0;
  1319  00CB  1283               	bcf	3,5	;RP0=0, select bank0
  1320  00CC  1303               	bcf	3,6	;RP1=0, select bank0
  1321  00CD  0187               	clrf	7	;volatile
  1322                           
  1323                           ;./Multiplexado.h: 40:     switch (num){
  1324  00CE  28FC               	goto	i1l1071
  1325  00CF                     i1l1005:
  1326                           
  1327                           ;./Multiplexado.h: 42:             PORTC = 0x3F;
  1328  00CF  303F               	movlw	63
  1329  00D0  0087               	movwf	7	;volatile
  1330                           
  1331                           ;./Multiplexado.h: 43:             break;
  1332  00D1  2963               	goto	i1l113
  1333  00D2                     i1l1007:
  1334                           
  1335                           ;./Multiplexado.h: 45:             PORTC = 0x06;
  1336  00D2  3006               	movlw	6
  1337  00D3  0087               	movwf	7	;volatile
  1338                           
  1339                           ;./Multiplexado.h: 46:             break;
  1340  00D4  2963               	goto	i1l113
  1341  00D5                     i1l1009:
  1342                           
  1343                           ;./Multiplexado.h: 48:             PORTC = 0x5B;
  1344  00D5  305B               	movlw	91
  1345  00D6  0087               	movwf	7	;volatile
  1346                           
  1347                           ;./Multiplexado.h: 49:             break;
  1348  00D7  2963               	goto	i1l113
  1349  00D8                     i1l1011:
  1350                           
  1351                           ;./Multiplexado.h: 51:             PORTC = 0x4F;
  1352  00D8  304F               	movlw	79
  1353  00D9  0087               	movwf	7	;volatile
  1354                           
  1355                           ;./Multiplexado.h: 52:             break;
  1356  00DA  2963               	goto	i1l113
  1357  00DB                     i1l1013:
  1358                           
  1359                           ;./Multiplexado.h: 54:             PORTC = 0x66;
  1360  00DB  3066               	movlw	102
  1361  00DC  0087               	movwf	7	;volatile
  1362                           
  1363                           ;./Multiplexado.h: 55:             break;
  1364  00DD  2963               	goto	i1l113
  1365  00DE                     i1l1015:
  1366                           
  1367                           ;./Multiplexado.h: 57:             PORTC = 0x6D;
  1368  00DE  306D               	movlw	109
  1369  00DF  0087               	movwf	7	;volatile
  1370                           
  1371                           ;./Multiplexado.h: 58:             break;
  1372  00E0  2963               	goto	i1l113
  1373  00E1                     i1l1017:
  1374                           
  1375                           ;./Multiplexado.h: 60:             PORTC = 0x7D;
  1376  00E1  307D               	movlw	125
  1377  00E2  0087               	movwf	7	;volatile
  1378                           
  1379                           ;./Multiplexado.h: 61:             break;
  1380  00E3  2963               	goto	i1l113
  1381  00E4                     i1l1019:
  1382                           
  1383                           ;./Multiplexado.h: 63:             PORTC = 0x07;
  1384  00E4  3007               	movlw	7
  1385  00E5  0087               	movwf	7	;volatile
  1386                           
  1387                           ;./Multiplexado.h: 64:             break;
  1388  00E6  2963               	goto	i1l113
  1389  00E7                     i1l1021:
  1390                           
  1391                           ;./Multiplexado.h: 66:             PORTC = 0x7F;
  1392  00E7  307F               	movlw	127
  1393  00E8  0087               	movwf	7	;volatile
  1394                           
  1395                           ;./Multiplexado.h: 67:             break;
  1396  00E9  2963               	goto	i1l113
  1397  00EA                     i1l1023:
  1398                           
  1399                           ;./Multiplexado.h: 69:             PORTC = 0x6F;
  1400  00EA  306F               	movlw	111
  1401  00EB  0087               	movwf	7	;volatile
  1402                           
  1403                           ;./Multiplexado.h: 70:             break;
  1404  00EC  2963               	goto	i1l113
  1405  00ED                     i1l1025:
  1406                           
  1407                           ;./Multiplexado.h: 72:             PORTC = 0x77;
  1408  00ED  3077               	movlw	119
  1409  00EE  0087               	movwf	7	;volatile
  1410                           
  1411                           ;./Multiplexado.h: 73:             break;
  1412  00EF  2963               	goto	i1l113
  1413  00F0                     i1l1027:
  1414                           
  1415                           ;./Multiplexado.h: 75:             PORTC = 0x1F;
  1416  00F0  301F               	movlw	31
  1417  00F1  0087               	movwf	7	;volatile
  1418                           
  1419                           ;./Multiplexado.h: 76:             break;
  1420  00F2  2963               	goto	i1l113
  1421  00F3                     i1l1029:
  1422                           
  1423                           ;./Multiplexado.h: 78:             PORTC = 0x4E;
  1424  00F3  304E               	movlw	78
  1425  00F4  0087               	movwf	7	;volatile
  1426                           
  1427                           ;./Multiplexado.h: 79:             break;
  1428  00F5  2963               	goto	i1l113
  1429  00F6                     i1l1031:
  1430                           
  1431                           ;./Multiplexado.h: 81:             PORTC = 0x3D;
  1432  00F6  303D               	movlw	61
  1433  00F7  0087               	movwf	7	;volatile
  1434                           
  1435                           ;./Multiplexado.h: 82:             break;
  1436  00F8  2963               	goto	i1l113
  1437  00F9                     i1l1035:
  1438                           
  1439                           ;./Multiplexado.h: 87:             PORTC = 0x47;
  1440  00F9  3047               	movlw	71
  1441  00FA  0087               	movwf	7	;volatile
  1442                           
  1443                           ;./Multiplexado.h: 88:             break;
  1444  00FB  2963               	goto	i1l113
  1445  00FC                     i1l1071:
  1446  00FC  0872               	movf	Multiplexado@num,w
  1447  00FD  00F0               	movwf	??_Multiplexado
  1448  00FE  01F1               	clrf	??_Multiplexado+1
  1449                           
  1450                           ; Switch on 2 bytes has been partitioned into a top level switch of size 1, and 1 sub-sw
      +                          itches
  1451                           ; Switch size 1, requested type "simple"
  1452                           ; Number of cases is 1, Range of values is 0 to 0
  1453                           ; switch strategies available:
  1454                           ; Name         Instructions Cycles
  1455                           ; simple_byte            4     3 (average)
  1456                           ; direct_byte           11     8 (fixed)
  1457                           ; jumptable            260     6 (fixed)
  1458                           ;	Chosen strategy is simple_byte
  1459  00FF  0871               	movf	??_Multiplexado+1,w
  1460  0100  3A00               	xorlw	0	; case 0
  1461  0101  1903               	skipnz
  1462  0102  2904               	goto	i1l1241
  1463  0103  28CF               	goto	i1l1005
  1464  0104                     i1l1241:
  1465                           
  1466                           ; Switch size 1, requested type "simple"
  1467                           ; Number of cases is 31, Range of values is 0 to 240
  1468                           ; switch strategies available:
  1469                           ; Name         Instructions Cycles
  1470                           ; simple_byte           94    48 (average)
  1471                           ; jumptable            260     6 (fixed)
  1472                           ;	Chosen strategy is simple_byte
  1473  0104  0870               	movf	??_Multiplexado,w
  1474  0105  3A00               	xorlw	0	; case 0
  1475  0106  1903               	skipnz
  1476  0107  28CF               	goto	i1l1005
  1477  0108  3A01               	xorlw	1	; case 1
  1478  0109  1903               	skipnz
  1479  010A  28D2               	goto	i1l1007
  1480  010B  3A03               	xorlw	3	; case 2
  1481  010C  1903               	skipnz
  1482  010D  28D5               	goto	i1l1009
  1483  010E  3A01               	xorlw	1	; case 3
  1484  010F  1903               	skipnz
  1485  0110  28D8               	goto	i1l1011
  1486  0111  3A07               	xorlw	7	; case 4
  1487  0112  1903               	skipnz
  1488  0113  28DB               	goto	i1l1013
  1489  0114  3A01               	xorlw	1	; case 5
  1490  0115  1903               	skipnz
  1491  0116  28DE               	goto	i1l1015
  1492  0117  3A03               	xorlw	3	; case 6
  1493  0118  1903               	skipnz
  1494  0119  28E1               	goto	i1l1017
  1495  011A  3A01               	xorlw	1	; case 7
  1496  011B  1903               	skipnz
  1497  011C  28E4               	goto	i1l1019
  1498  011D  3A0F               	xorlw	15	; case 8
  1499  011E  1903               	skipnz
  1500  011F  28E7               	goto	i1l1021
  1501  0120  3A01               	xorlw	1	; case 9
  1502  0121  1903               	skipnz
  1503  0122  28EA               	goto	i1l1023
  1504  0123  3A03               	xorlw	3	; case 10
  1505  0124  1903               	skipnz
  1506  0125  28ED               	goto	i1l1025
  1507  0126  3A01               	xorlw	1	; case 11
  1508  0127  1903               	skipnz
  1509  0128  28F0               	goto	i1l1027
  1510  0129  3A07               	xorlw	7	; case 12
  1511  012A  1903               	skipnz
  1512  012B  28F3               	goto	i1l1029
  1513  012C  3A01               	xorlw	1	; case 13
  1514  012D  1903               	skipnz
  1515  012E  28F6               	goto	i1l1031
  1516  012F  3A03               	xorlw	3	; case 14
  1517  0130  1903               	skipnz
  1518  0131  28D8               	goto	i1l1011
  1519  0132  3A01               	xorlw	1	; case 15
  1520  0133  1903               	skipnz
  1521  0134  28F9               	goto	i1l1035
  1522  0135  3A1F               	xorlw	31	; case 16
  1523  0136  1903               	skipnz
  1524  0137  28E7               	goto	i1l1021
  1525  0138  3A30               	xorlw	48	; case 32
  1526  0139  1903               	skipnz
  1527  013A  28DB               	goto	i1l1013
  1528  013B  3A10               	xorlw	16	; case 48
  1529  013C  1903               	skipnz
  1530  013D  28F3               	goto	i1l1029
  1531  013E  3A70               	xorlw	112	; case 64
  1532  013F  1903               	skipnz
  1533  0140  28D5               	goto	i1l1009
  1534  0141  3A10               	xorlw	16	; case 80
  1535  0142  1903               	skipnz
  1536  0143  28ED               	goto	i1l1025
  1537  0144  3A30               	xorlw	48	; case 96
  1538  0145  1903               	skipnz
  1539  0146  28E1               	goto	i1l1017
  1540  0147  3A10               	xorlw	16	; case 112
  1541  0148  1903               	skipnz
  1542  0149  28D8               	goto	i1l1011
  1543  014A  3AF0               	xorlw	240	; case 128
  1544  014B  1903               	skipnz
  1545  014C  28D2               	goto	i1l1007
  1546  014D  3A10               	xorlw	16	; case 144
  1547  014E  1903               	skipnz
  1548  014F  28EA               	goto	i1l1023
  1549  0150  3A30               	xorlw	48	; case 160
  1550  0151  1903               	skipnz
  1551  0152  28DE               	goto	i1l1015
  1552  0153  3A10               	xorlw	16	; case 176
  1553  0154  1903               	skipnz
  1554  0155  28F6               	goto	i1l1031
  1555  0156  3A70               	xorlw	112	; case 192
  1556  0157  1903               	skipnz
  1557  0158  28D8               	goto	i1l1011
  1558  0159  3A10               	xorlw	16	; case 208
  1559  015A  1903               	skipnz
  1560  015B  28F0               	goto	i1l1027
  1561  015C  3A30               	xorlw	48	; case 224
  1562  015D  1903               	skipnz
  1563  015E  28E4               	goto	i1l1019
  1564  015F  3A10               	xorlw	16	; case 240
  1565  0160  1903               	skipnz
  1566  0161  28F9               	goto	i1l1035
  1567  0162  28CF               	goto	i1l1005
  1568  0163                     i1l113:
  1569  0163  0008               	return
  1570  0164                     __end_of_Multiplexado:
  1571                           
  1572                           	psect	text10
  1573  01FC                     __ptext10:	
  1574 ;; *************** function _ADC_READ *****************
  1575 ;; Defined at:
  1576 ;;		line 45 in file "./ADC.h"
  1577 ;; Parameters:    Size  Location     Type
  1578 ;;  canal           2    0[COMMON] unsigned short 
  1579 ;; Auto vars:     Size  Location     Type
  1580 ;;		None
  1581 ;; Return value:  Size  Location     Type
  1582 ;;                  2    0[COMMON] unsigned int 
  1583 ;; Registers used:
  1584 ;;		wreg, fsr0l, fsr0h, status,2, status,0
  1585 ;; Tracked objects:
  1586 ;;		On entry : 0/0
  1587 ;;		On exit  : 0/0
  1588 ;;		Unchanged: 0/0
  1589 ;; Data sizes:     COMMON   BANK0   BANK1   BANK3   BANK2
  1590 ;;      Params:         2       0       0       0       0
  1591 ;;      Locals:         0       0       0       0       0
  1592 ;;      Temps:          0       0       0       0       0
  1593 ;;      Totals:         2       0       0       0       0
  1594 ;;Total ram usage:        2 bytes
  1595 ;; Hardware stack levels used:    1
  1596 ;; This function calls:
  1597 ;;		Nothing
  1598 ;; This function is called by:
  1599 ;;		_isr
  1600 ;; This function uses a non-reentrant model
  1601 ;;
  1602                           
  1603                           
  1604                           ;psect for function _ADC_READ
  1605  01FC                     _ADC_READ:
  1606  01FC                     i1l1079:	
  1607                           ;incstack = 0
  1608                           ; Regs used in _ADC_READ: [wreg-fsr0h+status,2+status,0]
  1609                           
  1610                           
  1611                           ;./ADC.h: 46:     switch (canal){
  1612  01FC  2A02               	goto	i1l1085
  1613  01FD                     i1l1081:
  1614                           
  1615                           ;./ADC.h: 48:             ADCON0 = 0b01100001;
  1616  01FD  3061               	movlw	97
  1617  01FE  1283               	bcf	3,5	;RP0=0, select bank0
  1618  01FF  1303               	bcf	3,6	;RP1=0, select bank0
  1619  0200  009F               	movwf	31	;volatile
  1620                           
  1621                           ;./ADC.h: 49:             break;
  1622  0201  2A0C               	goto	i1l73
  1623  0202                     i1l1085:
  1624                           
  1625                           ; Switch on 2 bytes has been partitioned into a top level switch of size 1, and 1 sub-sw
      +                          itches
  1626                           ; Switch size 1, requested type "simple"
  1627                           ; Number of cases is 1, Range of values is 0 to 0
  1628                           ; switch strategies available:
  1629                           ; Name         Instructions Cycles
  1630                           ; simple_byte            4     3 (average)
  1631                           ; direct_byte           11     8 (fixed)
  1632                           ; jumptable            260     6 (fixed)
  1633                           ;	Chosen strategy is simple_byte
  1634  0202  0871               	movf	ADC_READ@canal+1,w
  1635  0203  3A00               	xorlw	0	; case 0
  1636  0204  1903               	skipnz
  1637  0205  2A07               	goto	i1l1243
  1638  0206  2A0C               	goto	i1l73
  1639  0207                     i1l1243:
  1640                           
  1641                           ; Switch size 1, requested type "simple"
  1642                           ; Number of cases is 1, Range of values is 8 to 8
  1643                           ; switch strategies available:
  1644                           ; Name         Instructions Cycles
  1645                           ; simple_byte            4     3 (average)
  1646                           ; direct_byte           14    11 (fixed)
  1647                           ; jumptable            263     9 (fixed)
  1648                           ;	Chosen strategy is simple_byte
  1649  0207  0870               	movf	ADC_READ@canal,w
  1650  0208  3A08               	xorlw	8	; case 8
  1651  0209  1903               	skipnz
  1652  020A  29FD               	goto	i1l1081
  1653  020B  2A0C               	goto	i1l73
  1654  020C                     i1l73:
  1655  020C  0008               	return
  1656  020D                     __end_of_ADC_READ:
  1657  007E                     btemp	set	126	;btemp
  1658  007E                     wtemp0	set	126
  1659                           
  1660                           	psect	config
  1661                           
  1662                           ;Config register CONFIG1 @ 0x2007
  1663                           ;	Oscillator Selection bits
  1664                           ;	FOSC = XT, XT oscillator: Crystal/resonator on RA6/OSC2/CLKOUT and RA7/OSC1/CLKIN
  1665                           ;	Watchdog Timer Enable bit
  1666                           ;	WDTE = OFF, WDT disabled and can be enabled by SWDTEN bit of the WDTCON register
  1667                           ;	Power-up Timer Enable bit
  1668                           ;	PWRTE = OFF, PWRT disabled
  1669                           ;	RE3/MCLR pin function select bit
  1670                           ;	MCLRE = OFF, RE3/MCLR pin function is digital input, MCLR internally tied to VDD
  1671                           ;	Code Protection bit
  1672                           ;	CP = OFF, Program memory code protection is disabled
  1673                           ;	Data Code Protection bit
  1674                           ;	CPD = OFF, Data memory code protection is disabled
  1675                           ;	Brown Out Reset Selection bits
  1676                           ;	BOREN = OFF, BOR disabled
  1677                           ;	Internal External Switchover bit
  1678                           ;	IESO = OFF, Internal/External Switchover mode is disabled
  1679                           ;	Fail-Safe Clock Monitor Enabled bit
  1680                           ;	FCMEN = OFF, Fail-Safe Clock Monitor is disabled
  1681                           ;	Low Voltage Programming Enable bit
  1682                           ;	LVP = OFF, RB3 pin has digital I/O, HV on MCLR must be used for programming
  1683                           ;	In-Circuit Debugger Mode bit
  1684                           ;	DEBUG = 0x1, unprogrammed default
  1685  2007                     	org	8199
  1686  2007  20D1               	dw	8401
  1687                           
  1688                           ;Config register CONFIG2 @ 0x2008
  1689                           ;	Brown-out Reset Selection bit
  1690                           ;	BOR4V = BOR40V, Brown-out Reset set to 4.0V
  1691                           ;	Flash Program Memory Self Write Enable bits
  1692                           ;	WRT = OFF, Write protection off
  1693  2008                     	org	8200
  1694  2008  3FFF               	dw	16383

Data Sizes:
    Strings     0
    Constant    0
    Data        0
    BSS         12
    Persistent  0
    Stack       0

Auto Spaces:
    Space          Size  Autos    Used
    COMMON           14      9      13
    BANK0            80      0       8
    BANK1            80      0       0
    BANK3            96      0       0
    BANK2            96      0       0

Pointer List with Targets:

    None.

Critical Paths under _main in COMMON

    None.

Critical Paths under _isr in COMMON

    _Display->_Multiplexado

Critical Paths under _main in BANK0

    None.

Critical Paths under _isr in BANK0

    None.

Critical Paths under _main in BANK1

    None.

Critical Paths under _isr in BANK1

    None.

Critical Paths under _main in BANK3

    None.

Critical Paths under _isr in BANK3

    None.

Critical Paths under _main in BANK2

    None.

Critical Paths under _isr in BANK2

    None.

Call Graph Tables:

 ---------------------------------------------------------------------------------
 (Depth) Function   	        Calls       Base Space   Used Autos Params    Refs
 ---------------------------------------------------------------------------------
 (0) _main                                                 0     0      0       0
                           _ADC_INIT
                   _ADC_INTERRUPCION
                           _Banderas
                         _Config_Int
                           _Config_P
                             _Sep_Nb
 ---------------------------------------------------------------------------------
 (1) _Sep_Nb                                               0     0      0       0
 ---------------------------------------------------------------------------------
 (1) _Config_P                                             0     0      0       0
 ---------------------------------------------------------------------------------
 (1) _Config_Int                                           0     0      0       0
 ---------------------------------------------------------------------------------
 (1) _Banderas                                             0     0      0       0
 ---------------------------------------------------------------------------------
 (1) _ADC_INTERRUPCION                                     0     0      0       0
 ---------------------------------------------------------------------------------
 (1) _ADC_INIT                                             0     0      0       0
 ---------------------------------------------------------------------------------
 Estimated maximum stack depth 1
 ---------------------------------------------------------------------------------
 (Depth) Function   	        Calls       Base Space   Used Autos Params    Refs
 ---------------------------------------------------------------------------------
 (2) _isr                                                  6     6      0     120
                                              3 COMMON     6     6      0
                           _ADC_READ
                            _Display
 ---------------------------------------------------------------------------------
 (3) _Display                                              0     0      0      22
                       _Multiplexado
 ---------------------------------------------------------------------------------
 (4) _Multiplexado                                         3     3      0      22
                                              0 COMMON     3     3      0
 ---------------------------------------------------------------------------------
 (3) _ADC_READ                                             2     0      2      98
                                              0 COMMON     2     0      2
 ---------------------------------------------------------------------------------
 Estimated maximum stack depth 4
 ---------------------------------------------------------------------------------

 Call Graph Graphs:

 _main (ROOT)
   _ADC_INIT
   _ADC_INTERRUPCION
   _Banderas
   _Config_Int
   _Config_P
   _Sep_Nb

 _isr (ROOT)
   _ADC_READ
   _Display
     _Multiplexado

 Address spaces:
Name               Size   Autos  Total    Cost      Usage
BITCOMMON            E      0       0       0        0.0%
EEDATA             100      0       0       0        0.0%
NULL                 0      0       0       0        0.0%
CODE                 0      0       0       0        0.0%
COMMON               E      9       D       1       92.9%
BITSFR0              0      0       0       1        0.0%
SFR0                 0      0       0       1        0.0%
BITSFR1              0      0       0       2        0.0%
SFR1                 0      0       0       2        0.0%
STACK                0      0       0       2        0.0%
ABS                  0      0      15       3        0.0%
BITBANK0            50      0       0       4        0.0%
BITSFR3              0      0       0       4        0.0%
SFR3                 0      0       0       4        0.0%
BANK0               50      0       8       5       10.0%
BITSFR2              0      0       0       5        0.0%
SFR2                 0      0       0       5        0.0%
BITBANK1            50      0       0       6        0.0%
BANK1               50      0       0       7        0.0%
BITBANK3            60      0       0       8        0.0%
BANK3               60      0       0       9        0.0%
BITBANK2            60      0       0      10        0.0%
BANK2               60      0       0      11        0.0%
DATA                 0      0      15      12        0.0%


Microchip Technology PIC Macro Assembler V2.31 build 20201012212115 
Symbol Table                                                                                   Sun Feb 07 12:29:16 2021

                       l67 0233                         l76 022F                        l170 01E8  
                      l155 01FB                        l173 021B                        l158 0228  
                      u300 01AD                        u301 01AC                        u305 01A9  
                      u180 01DB                        u181 01DA                        u190 01E4  
                      u191 01E3                        u280 0187                        u281 0186  
                      u290 01A1                        u291 01A0                        u285 0183  
                      u295 019D                        _isr 0023                        fsr0 0004  
                     l1111 01EE                       l1121 01F7                       l1113 01EF  
                     l1131 01D5                       l1123 01F8                       l1115 01F0  
                     l1107 01E9                       l1133 01DB                       l1125 01F9  
                     l1117 01F3                       l1109 01EC                       l1135 01DE  
                     l1127 01FA                       l1119 01F4                       l1137 01E4  
                     l1129 021C                       l1091 0229                       l1139 020D  
                     l1077 0230                       l1181 016E                       l1191 0190  
                     l1183 0173                       l1193 0195                       l1185 0178  
                     l1195 01A1                       l1187 0187                       l1179 0164  
                     l1197 01A3                       l1189 018B                       l1199 01AD  
                     ?_isr 0070                       _IOCB 0096                       i1l73 020C  
                     _TMR0 0001           __end_of_ADC_INIT 0234           __end_of_ADC_READ 020D  
                     _main 0164                       btemp 007E                       start 000E  
          __end_of_Display 01D5                      ??_isr 0073                      ?_main 0070  
                    _ANSEL 0188                      i1l113 0163                      i1l140 00BE  
                    i1l135 00B1                      i1l164 01D4                      u20_20 0027  
                    u20_21 0026                      u21_20 002E                      u21_21 002D  
                    u22_20 0041                      u22_21 0040                      u23_20 005C  
                    u23_21 005B                      u31_27 0034                      u16_20 01BB  
                    u24_20 006F                      u16_21 01BA                      u24_21 006E  
                    u32_27 004F                      u17_20 01CB                      u25_20 008A  
                    u17_21 01CA                      u25_21 0089                      u33_27 0062  
                    u26_20 00B1                      u26_21 00B0                      u34_27 007D  
                    u27_20 00B5                      u27_21 00B4                      _PORTA 0005  
                    _PORTB 0006                      _PORTC 0007                      _PORTD 0008  
                    _PORTE 0009                      u35_27 0096                 _Config_Int 021C  
                    _TRISA 0085                      _TRISB 0086                      _TRISC 0087  
                    _TRISD 0088                      _TRISE 0089                      _conta 0024  
                    pclath 000A           __end_of_Banderas 01E9                      status 0003  
                    wtemp0 007E            Multiplexado@num 0072           __end_of_Config_P 01FC  
          __initialization 0011               __end_of_main 01B2                     ??_main 0000  
                   _ADCON0 001F                     _ADCON1 009F                     _ADRESH 001E  
                   _ANSELH 0189                     i1l1011 00D8                     i1l1003 00C8  
                   i1l1021 00E7                     i1l1013 00DB                     i1l1005 00CF  
                   i1l1101 01C5                     i1l1031 00F6                     i1l1023 00EA  
                   i1l1015 00DE                     i1l1007 00D2                     i1l1103 01CB  
                   i1l1025 00ED                     i1l1017 00E1                     i1l1009 00D5  
                   i1l1105 01D1                     i1l1035 00F9                     i1l1027 00F0  
                   i1l1019 00E4                     i1l1029 00F3                     i1l1141 0023  
                   i1l1071 00FC                     i1l1151 0056                     i1l1143 0027  
                   i1l1081 01FD                     i1l1241 0104                     i1l1161 008A  
                   i1l1153 005C                     i1l1145 002E                     i1l1243 0207  
                   i1l1171 00A6                     i1l1163 008B                     i1l1155 0069  
                   i1l1147 003B                     i1l1085 0202                     i1l1093 01B2  
                   i1l1173 00AB                     i1l1165 0094                     i1l1157 006F  
                   i1l1149 0041                     i1l1079 01FC                     i1l1095 01B5  
                   i1l1175 00B5                     i1l1167 009B                     i1l1159 0084  
                   i1l1097 01BB                     i1l1177 00B6                     i1l1169 009F  
                   i1l1099 01C1                     _INTCON 000B                     _TMR0IF 005A  
                ??_Display 0073           _ADC_INTERRUPCION 0229                     _Sep_Nb 020D  
                ?_ADC_INIT 0070                  ?_ADC_READ 0070                ?_Config_Int 0070  
                   saved_w 007E    __end_of__initialization 001F             __pcstackCOMMON 0070  
                ?_Banderas 0070                 ??_ADC_INIT 0000                 ??_ADC_READ 0072  
                ?_Config_P 0070                 __pbssBANK0 0020        __size_of_Config_Int 000D  
                  ?_Sep_Nb 0070                 __pmaintext 0164                 __pintentry 0004  
               ??_Banderas 0000                 ??_Config_P 0000                    _Display 01B2  
          __size_of_Sep_Nb 000F              ?_Multiplexado 0070                    _banders 0079  
                  __ptext1 020D                    __ptext2 01E9                    __ptext3 021C  
                  __ptext4 01D5                    __ptext5 0229                    __ptext6 0230  
                  __ptext7 0023                    __ptext8 01B2                    __ptext9 00C7  
 __end_of_ADC_INTERRUPCION 0230               __size_of_isr 00A4                    _val_low 0020  
     end_of_initialization 001F             ??_Multiplexado 0070                  _PORTBbits 0006  
                _PORTEbits 0009               ??_Config_Int 0000          __size_of_ADC_INIT 0004  
        __size_of_ADC_READ 0011         __end_of_Config_Int 0229             __end_of_Sep_Nb 021C  
      start_initialization 0011              ADC_READ@canal 0070          __size_of_Banderas 0014  
              __end_of_isr 00C7          __size_of_Config_P 0013                   ??_Sep_Nb 0000  
              __pbssCOMMON 0079                  ___latbits 0002              __pcstackBANK0 0000  
     __end_of_Multiplexado 0164                   ?_Display 0070                   _ADC_INIT 0230  
                 _ADC_READ 01FC          ?_ADC_INTERRUPCION 0070         ??_ADC_INTERRUPCION 0000  
        interrupt_function 0004                   _PIE1bits 008C                   _PIR1bits 000C  
                _valor_adc 0026                 _ADCON0bits 001F                   _Banderas 01D5  
                 _Config_P 01E9                   _Contador 007B           __size_of_Display 0023  
    __size_of_Multiplexado 009D                   __ptext10 01FC              __size_of_main 004E  
                 _val_high 0022               _Multiplexado 00C7                 _INTCONbits 000B  
                 intlevel1 0000                 _OPTION_REG 0081  __size_of_ADC_INTERRUPCION 0007  
